[13:56:59.981] [INFO] Checking the health of your Storybook..
[13:56:59.982] [DEBUG] Getting Storybook info...
[13:56:59.982] [DEBUG] Loading main config...
[13:57:00.341] [DEBUG] Getting stories paths...
[13:57:00.353] [DEBUG] Getting package manager...
[13:57:00.652] [DEBUG] Getting Storybook version...
[13:57:01.015] [WARN] apps/web/.storybook: 1 issue found
[13:57:01.015] [INFO] You are currently using Storybook 9.1.13 but you have packages which are incompatible with it:

- @storybook/addon-essentials@8.6.14 which depends on 8.6.14
 Repo: https://github.com/storybookjs/storybook/tree/next/code/addons/essentials
- @storybook/addon-highlight@8.6.14 which depends on ^8.6.14
 Repo: https://github.com/storybookjs/storybook/tree/next/code/addons/highlight
- @storybook/addon-interactions@8.6.14 which depends on 8.6.14
 Repo: https://github.com/storybookjs/storybook/tree/next/code/addons/interactions

Please consider updating your packages or contacting the maintainers for compatibility details.

For more on Storybook 9 compatibility, see the linked GitHub issue:
https://github.com/storybookjs/storybook/issues/30944
[13:57:01.020] [INFO] Storybook doctor is complete!
[13:57:01.020] [INFO] You can always recheck the health of your project(s) by running:
npx storybook doctor